<?xml version="1.0" encoding="UTF-8"?>
<!-- Generated by org.testng.reporters.JUnitReportReporter -->
<testsuite hostname="vishal" failures="0" tests="1" name="testcases.TC2_Login" time="3.549" errors="0" timestamp="2025-07-09T13:00:41 IST" skipped="0">
  <testcase classname="testcases.TC2_Login" name="testLoginWithValidCredentials" time="3.549"/>
</testsuite> <!-- testcases.TC2_Login -->
