<?xml version="1.0" encoding="UTF-8"?>
<!-- Generated by org.testng.reporters.JUnitReportReporter -->
<testsuite hostname="vishal" failures="0" tests="1" name="testcases.TC1_Registration" time="4.753" errors="0" timestamp="2025-07-09T13:00:41 IST" skipped="0">
  <testcase classname="testcases.TC1_Registration" name="testUserRegistration" time="4.753"/>
</testsuite> <!-- testcases.TC1_Registration -->
